2023-03-16T09:55:36+00:00 CRITICAL Uncaught Error: Call to undefined function curl_init() in /home/rcdi/site-web/wp-content/plugins/spice-blocks/inc/block-import.php:341
Stack trace:
#0 /home/rcdi/site-web/wp-includes/class-wp-hook.php(307): spice_blocks_pva_create01('')
#1 /home/rcdi/site-web/wp-includes/class-wp-hook.php(331): WP_Hook->apply_filters('', Array)
#2 /home/rcdi/site-web/wp-includes/plugin.php(476): WP_Hook->do_action(Array)
#3 /home/rcdi/site-web/wp-admin/admin-ajax.php(187): do_action('wp_ajax_pva_cre...')
#4 {main}
  thrown in /home/rcdi/site-web/wp-content/plugins/spice-blocks/inc/block-import.php on line 341

2023-03-16T09:55:41+00:00 CRITICAL Uncaught Error: Call to undefined function curl_init() in /home/rcdi/site-web/wp-content/plugins/spice-blocks/inc/block-import.php:341
Stack trace:
#0 /home/rcdi/site-web/wp-includes/class-wp-hook.php(307): spice_blocks_pva_create01('')
#1 /home/rcdi/site-web/wp-includes/class-wp-hook.php(331): WP_Hook->apply_filters('', Array)
#2 /home/rcdi/site-web/wp-includes/plugin.php(476): WP_Hook->do_action(Array)
#3 /home/rcdi/site-web/wp-admin/admin-ajax.php(187): do_action('wp_ajax_pva_cre...')
#4 {main}
  thrown in /home/rcdi/site-web/wp-content/plugins/spice-blocks/inc/block-import.php on line 341

2023-03-16T09:55:44+00:00 CRITICAL Uncaught Error: Call to undefined function curl_init() in /home/rcdi/site-web/wp-content/plugins/spice-blocks/inc/block-import.php:341
Stack trace:
#0 /home/rcdi/site-web/wp-includes/class-wp-hook.php(307): spice_blocks_pva_create01('')
#1 /home/rcdi/site-web/wp-includes/class-wp-hook.php(331): WP_Hook->apply_filters('', Array)
#2 /home/rcdi/site-web/wp-includes/plugin.php(476): WP_Hook->do_action(Array)
#3 /home/rcdi/site-web/wp-admin/admin-ajax.php(187): do_action('wp_ajax_pva_cre...')
#4 {main}
  thrown in /home/rcdi/site-web/wp-content/plugins/spice-blocks/inc/block-import.php on line 341

2023-03-16T09:55:49+00:00 CRITICAL Uncaught Error: Call to undefined function curl_init() in /home/rcdi/site-web/wp-content/plugins/spice-blocks/inc/block-import.php:341
Stack trace:
#0 /home/rcdi/site-web/wp-includes/class-wp-hook.php(307): spice_blocks_pva_create01('')
#1 /home/rcdi/site-web/wp-includes/class-wp-hook.php(331): WP_Hook->apply_filters('', Array)
#2 /home/rcdi/site-web/wp-includes/plugin.php(476): WP_Hook->do_action(Array)
#3 /home/rcdi/site-web/wp-admin/admin-ajax.php(187): do_action('wp_ajax_pva_cre...')
#4 {main}
  thrown in /home/rcdi/site-web/wp-content/plugins/spice-blocks/inc/block-import.php on line 341

2023-03-16T09:55:54+00:00 CRITICAL Uncaught Error: Call to undefined function curl_init() in /home/rcdi/site-web/wp-content/plugins/spice-blocks/inc/block-import.php:341
Stack trace:
#0 /home/rcdi/site-web/wp-includes/class-wp-hook.php(307): spice_blocks_pva_create01('')
#1 /home/rcdi/site-web/wp-includes/class-wp-hook.php(331): WP_Hook->apply_filters('', Array)
#2 /home/rcdi/site-web/wp-includes/plugin.php(476): WP_Hook->do_action(Array)
#3 /home/rcdi/site-web/wp-admin/admin-ajax.php(187): do_action('wp_ajax_pva_cre...')
#4 {main}
  thrown in /home/rcdi/site-web/wp-content/plugins/spice-blocks/inc/block-import.php on line 341

