2023-04-06T11:05:27+00:00 ERROR Error getting data feed
2023-04-06T11:05:27+00:00 ERROR WP_Error Object
(
    [errors] => Array
        (
            [http_request_failed] => Array
                (
                    [0] => stream_socket_client(): php_network_getaddresses: getaddrinfo failed: Temporary failure in name resolution
stream_socket_client(): unable to connect to ssl://woocommerce.com:443 (php_network_getaddresses: getaddrinfo failed: Temporary failure in name resolution)
                )

        )

    [error_data] => Array
        (
        )

    [additional_data:protected] => Array
        (
        )

)

2023-04-06T11:05:41+00:00 ERROR Error getting data feed
2023-04-06T11:05:41+00:00 ERROR WP_Error Object
(
    [errors] => Array
        (
            [http_request_failed] => Array
                (
                    [0] => stream_socket_client(): php_network_getaddresses: getaddrinfo failed: Temporary failure in name resolution
stream_socket_client(): unable to connect to ssl://woocommerce.com:443 (php_network_getaddresses: getaddrinfo failed: Temporary failure in name resolution)
                )

        )

    [error_data] => Array
        (
        )

    [additional_data:protected] => Array
        (
        )

)

2023-04-06T11:35:55+00:00 ERROR Error getting data feed
2023-04-06T11:35:55+00:00 ERROR WP_Error Object
(
    [errors] => Array
        (
            [http_request_failed] => Array
                (
                    [0] => stream_socket_client(): php_network_getaddresses: getaddrinfo failed: Temporary failure in name resolution
stream_socket_client(): unable to connect to ssl://woocommerce.com:443 (php_network_getaddresses: getaddrinfo failed: Temporary failure in name resolution)
                )

        )

    [error_data] => Array
        (
        )

    [additional_data:protected] => Array
        (
        )

)

2023-04-06T11:36:10+00:00 ERROR Error getting data feed
2023-04-06T11:36:10+00:00 ERROR WP_Error Object
(
    [errors] => Array
        (
            [http_request_failed] => Array
                (
                    [0] => stream_socket_client(): php_network_getaddresses: getaddrinfo failed: Temporary failure in name resolution
stream_socket_client(): unable to connect to ssl://woocommerce.com:443 (php_network_getaddresses: getaddrinfo failed: Temporary failure in name resolution)
                )

        )

    [error_data] => Array
        (
        )

    [additional_data:protected] => Array
        (
        )

)

2023-04-06T16:50:30+00:00 ERROR Error getting data feed
2023-04-06T16:50:30+00:00 ERROR WP_Error Object
(
    [errors] => Array
        (
            [http_request_failed] => Array
                (
                    [0] => stream_socket_client(): php_network_getaddresses: getaddrinfo failed: Temporary failure in name resolution
stream_socket_client(): unable to connect to ssl://woocommerce.com:443 (php_network_getaddresses: getaddrinfo failed: Temporary failure in name resolution)
                )

        )

    [error_data] => Array
        (
        )

    [additional_data:protected] => Array
        (
        )

)

2023-04-06T17:02:23+00:00 ERROR Error getting data feed
2023-04-06T17:02:23+00:00 ERROR WP_Error Object
(
    [errors] => Array
        (
            [http_request_failed] => Array
                (
                    [0] => stream_socket_client(): php_network_getaddresses: getaddrinfo failed: Temporary failure in name resolution
stream_socket_client(): unable to connect to ssl://woocommerce.com:443 (php_network_getaddresses: getaddrinfo failed: Temporary failure in name resolution)
                )

        )

    [error_data] => Array
        (
        )

    [additional_data:protected] => Array
        (
        )

)

2023-04-06T17:03:32+00:00 ERROR Error getting data feed
2023-04-06T17:03:32+00:00 ERROR WP_Error Object
(
    [errors] => Array
        (
            [http_request_failed] => Array
                (
                    [0] => stream_socket_client(): php_network_getaddresses: getaddrinfo failed: Temporary failure in name resolution
stream_socket_client(): unable to connect to ssl://woocommerce.com:443 (php_network_getaddresses: getaddrinfo failed: Temporary failure in name resolution)
                )

        )

    [error_data] => Array
        (
        )

    [additional_data:protected] => Array
        (
        )

)

2023-04-06T17:05:36+00:00 ERROR Error getting data feed
2023-04-06T17:05:36+00:00 ERROR WP_Error Object
(
    [errors] => Array
        (
            [http_request_failed] => Array
                (
                    [0] => stream_socket_client(): php_network_getaddresses: getaddrinfo failed: Temporary failure in name resolution
stream_socket_client(): unable to connect to ssl://woocommerce.com:443 (php_network_getaddresses: getaddrinfo failed: Temporary failure in name resolution)
                )

        )

    [error_data] => Array
        (
        )

    [additional_data:protected] => Array
        (
        )

)

2023-04-06T17:08:16+00:00 ERROR Error getting data feed
2023-04-06T17:08:16+00:00 ERROR WP_Error Object
(
    [errors] => Array
        (
            [http_request_failed] => Array
                (
                    [0] => stream_socket_client(): php_network_getaddresses: getaddrinfo failed: Temporary failure in name resolution
stream_socket_client(): unable to connect to ssl://woocommerce.com:443 (php_network_getaddresses: getaddrinfo failed: Temporary failure in name resolution)
                )

        )

    [error_data] => Array
        (
        )

    [additional_data:protected] => Array
        (
        )

)

2023-04-06T17:16:41+00:00 ERROR Error getting data feed
2023-04-06T17:16:41+00:00 ERROR WP_Error Object
(
    [errors] => Array
        (
            [http_request_failed] => Array
                (
                    [0] => stream_socket_client(): php_network_getaddresses: getaddrinfo failed: Temporary failure in name resolution
stream_socket_client(): unable to connect to ssl://woocommerce.com:443 (php_network_getaddresses: getaddrinfo failed: Temporary failure in name resolution)
                )

        )

    [error_data] => Array
        (
        )

    [additional_data:protected] => Array
        (
        )

)

2023-04-06T17:55:43+00:00 ERROR Error getting data feed
2023-04-06T17:55:43+00:00 ERROR WP_Error Object
(
    [errors] => Array
        (
            [http_request_failed] => Array
                (
                    [0] => stream_socket_client(): php_network_getaddresses: getaddrinfo failed: Temporary failure in name resolution
stream_socket_client(): unable to connect to ssl://woocommerce.com:443 (php_network_getaddresses: getaddrinfo failed: Temporary failure in name resolution)
                )

        )

    [error_data] => Array
        (
        )

    [additional_data:protected] => Array
        (
        )

)

2023-04-06T17:56:34+00:00 ERROR Error getting data feed
2023-04-06T17:56:34+00:00 ERROR WP_Error Object
(
    [errors] => Array
        (
            [http_request_failed] => Array
                (
                    [0] => stream_socket_client(): php_network_getaddresses: getaddrinfo failed: Temporary failure in name resolution
stream_socket_client(): unable to connect to ssl://woocommerce.com:443 (php_network_getaddresses: getaddrinfo failed: Temporary failure in name resolution)
                )

        )

    [error_data] => Array
        (
        )

    [additional_data:protected] => Array
        (
        )

)

2023-04-06T17:56:34+00:00 ERROR Error getting data feed
2023-04-06T17:56:34+00:00 ERROR WP_Error Object
(
    [errors] => Array
        (
            [http_request_failed] => Array
                (
                    [0] => stream_socket_client(): php_network_getaddresses: getaddrinfo failed: Temporary failure in name resolution
stream_socket_client(): unable to connect to ssl://woocommerce.com:443 (php_network_getaddresses: getaddrinfo failed: Temporary failure in name resolution)
                )

        )

    [error_data] => Array
        (
        )

    [additional_data:protected] => Array
        (
        )

)

2023-04-06T17:56:34+00:00 ERROR Error getting data feed
2023-04-06T17:56:34+00:00 ERROR WP_Error Object
(
    [errors] => Array
        (
            [http_request_failed] => Array
                (
                    [0] => stream_socket_client(): php_network_getaddresses: getaddrinfo failed: Temporary failure in name resolution
stream_socket_client(): unable to connect to ssl://woocommerce.com:443 (php_network_getaddresses: getaddrinfo failed: Temporary failure in name resolution)
                )

        )

    [error_data] => Array
        (
        )

    [additional_data:protected] => Array
        (
        )

)

2023-04-06T17:56:35+00:00 ERROR Error getting data feed
2023-04-06T17:56:35+00:00 ERROR WP_Error Object
(
    [errors] => Array
        (
            [http_request_failed] => Array
                (
                    [0] => stream_socket_client(): php_network_getaddresses: getaddrinfo failed: Temporary failure in name resolution
stream_socket_client(): unable to connect to ssl://woocommerce.com:443 (php_network_getaddresses: getaddrinfo failed: Temporary failure in name resolution)
                )

        )

    [error_data] => Array
        (
        )

    [additional_data:protected] => Array
        (
        )

)

2023-04-06T17:56:35+00:00 ERROR Error getting data feed
2023-04-06T17:56:35+00:00 ERROR WP_Error Object
(
    [errors] => Array
        (
            [http_request_failed] => Array
                (
                    [0] => stream_socket_client(): php_network_getaddresses: getaddrinfo failed: Temporary failure in name resolution
stream_socket_client(): unable to connect to ssl://woocommerce.com:443 (php_network_getaddresses: getaddrinfo failed: Temporary failure in name resolution)
                )

        )

    [error_data] => Array
        (
        )

    [additional_data:protected] => Array
        (
        )

)

2023-04-06T18:18:15+00:00 ERROR Error getting data feed
2023-04-06T18:18:15+00:00 ERROR WP_Error Object
(
    [errors] => Array
        (
            [http_request_failed] => Array
                (
                    [0] => stream_socket_client(): php_network_getaddresses: getaddrinfo failed: Temporary failure in name resolution
stream_socket_client(): unable to connect to ssl://woocommerce.com:443 (php_network_getaddresses: getaddrinfo failed: Temporary failure in name resolution)
                )

        )

    [error_data] => Array
        (
        )

    [additional_data:protected] => Array
        (
        )

)

2023-04-06T18:18:25+00:00 ERROR Error getting data feed
2023-04-06T18:18:25+00:00 ERROR WP_Error Object
(
    [errors] => Array
        (
            [http_request_failed] => Array
                (
                    [0] => stream_socket_client(): php_network_getaddresses: getaddrinfo failed: Temporary failure in name resolution
stream_socket_client(): unable to connect to ssl://woocommerce.com:443 (php_network_getaddresses: getaddrinfo failed: Temporary failure in name resolution)
                )

        )

    [error_data] => Array
        (
        )

    [additional_data:protected] => Array
        (
        )

)

2023-04-06T18:18:27+00:00 ERROR Error getting data feed
2023-04-06T18:18:27+00:00 ERROR WP_Error Object
(
    [errors] => Array
        (
            [http_request_failed] => Array
                (
                    [0] => stream_socket_client(): php_network_getaddresses: getaddrinfo failed: Temporary failure in name resolution
stream_socket_client(): unable to connect to ssl://woocommerce.com:443 (php_network_getaddresses: getaddrinfo failed: Temporary failure in name resolution)
                )

        )

    [error_data] => Array
        (
        )

    [additional_data:protected] => Array
        (
        )

)

2023-04-06T18:18:28+00:00 ERROR Error getting data feed
2023-04-06T18:18:28+00:00 ERROR WP_Error Object
(
    [errors] => Array
        (
            [http_request_failed] => Array
                (
                    [0] => stream_socket_client(): php_network_getaddresses: getaddrinfo failed: Temporary failure in name resolution
stream_socket_client(): unable to connect to ssl://woocommerce.com:443 (php_network_getaddresses: getaddrinfo failed: Temporary failure in name resolution)
                )

        )

    [error_data] => Array
        (
        )

    [additional_data:protected] => Array
        (
        )

)

2023-04-06T18:18:28+00:00 ERROR Error getting data feed
2023-04-06T18:18:28+00:00 ERROR WP_Error Object
(
    [errors] => Array
        (
            [http_request_failed] => Array
                (
                    [0] => stream_socket_client(): php_network_getaddresses: getaddrinfo failed: Temporary failure in name resolution
stream_socket_client(): unable to connect to ssl://woocommerce.com:443 (php_network_getaddresses: getaddrinfo failed: Temporary failure in name resolution)
                )

        )

    [error_data] => Array
        (
        )

    [additional_data:protected] => Array
        (
        )

)

2023-04-06T18:18:28+00:00 ERROR Error getting data feed
2023-04-06T18:18:28+00:00 ERROR WP_Error Object
(
    [errors] => Array
        (
            [http_request_failed] => Array
                (
                    [0] => stream_socket_client(): php_network_getaddresses: getaddrinfo failed: Temporary failure in name resolution
stream_socket_client(): unable to connect to ssl://woocommerce.com:443 (php_network_getaddresses: getaddrinfo failed: Temporary failure in name resolution)
                )

        )

    [error_data] => Array
        (
        )

    [additional_data:protected] => Array
        (
        )

)

2023-04-06T18:18:28+00:00 ERROR Error getting data feed
2023-04-06T18:18:28+00:00 ERROR WP_Error Object
(
    [errors] => Array
        (
            [http_request_failed] => Array
                (
                    [0] => stream_socket_client(): php_network_getaddresses: getaddrinfo failed: Temporary failure in name resolution
stream_socket_client(): unable to connect to ssl://woocommerce.com:443 (php_network_getaddresses: getaddrinfo failed: Temporary failure in name resolution)
                )

        )

    [error_data] => Array
        (
        )

    [additional_data:protected] => Array
        (
        )

)

2023-04-06T18:18:28+00:00 ERROR Error getting data feed
2023-04-06T18:18:28+00:00 ERROR WP_Error Object
(
    [errors] => Array
        (
            [http_request_failed] => Array
                (
                    [0] => stream_socket_client(): php_network_getaddresses: getaddrinfo failed: Temporary failure in name resolution
stream_socket_client(): unable to connect to ssl://woocommerce.com:443 (php_network_getaddresses: getaddrinfo failed: Temporary failure in name resolution)
                )

        )

    [error_data] => Array
        (
        )

    [additional_data:protected] => Array
        (
        )

)

2023-04-06T18:18:28+00:00 ERROR Error getting data feed
2023-04-06T18:18:28+00:00 ERROR WP_Error Object
(
    [errors] => Array
        (
            [http_request_failed] => Array
                (
                    [0] => stream_socket_client(): php_network_getaddresses: getaddrinfo failed: Temporary failure in name resolution
stream_socket_client(): unable to connect to ssl://woocommerce.com:443 (php_network_getaddresses: getaddrinfo failed: Temporary failure in name resolution)
                )

        )

    [error_data] => Array
        (
        )

    [additional_data:protected] => Array
        (
        )

)

2023-04-06T18:18:28+00:00 ERROR Error getting data feed
2023-04-06T18:18:28+00:00 ERROR WP_Error Object
(
    [errors] => Array
        (
            [http_request_failed] => Array
                (
                    [0] => stream_socket_client(): php_network_getaddresses: getaddrinfo failed: Temporary failure in name resolution
stream_socket_client(): unable to connect to ssl://woocommerce.com:443 (php_network_getaddresses: getaddrinfo failed: Temporary failure in name resolution)
                )

        )

    [error_data] => Array
        (
        )

    [additional_data:protected] => Array
        (
        )

)

2023-04-06T18:18:28+00:00 ERROR Error getting data feed
2023-04-06T18:18:28+00:00 ERROR WP_Error Object
(
    [errors] => Array
        (
            [http_request_failed] => Array
                (
                    [0] => stream_socket_client(): php_network_getaddresses: getaddrinfo failed: Temporary failure in name resolution
stream_socket_client(): unable to connect to ssl://woocommerce.com:443 (php_network_getaddresses: getaddrinfo failed: Temporary failure in name resolution)
                )

        )

    [error_data] => Array
        (
        )

    [additional_data:protected] => Array
        (
        )

)

2023-04-06T18:18:28+00:00 ERROR Error getting data feed
2023-04-06T18:18:28+00:00 ERROR WP_Error Object
(
    [errors] => Array
        (
            [http_request_failed] => Array
                (
                    [0] => stream_socket_client(): php_network_getaddresses: getaddrinfo failed: Temporary failure in name resolution
stream_socket_client(): unable to connect to ssl://woocommerce.com:443 (php_network_getaddresses: getaddrinfo failed: Temporary failure in name resolution)
                )

        )

    [error_data] => Array
        (
        )

    [additional_data:protected] => Array
        (
        )

)

2023-04-06T18:18:40+00:00 ERROR Error getting data feed
2023-04-06T18:18:40+00:00 ERROR WP_Error Object
(
    [errors] => Array
        (
            [http_request_failed] => Array
                (
                    [0] => stream_socket_client(): php_network_getaddresses: getaddrinfo failed: Temporary failure in name resolution
stream_socket_client(): unable to connect to ssl://woocommerce.com:443 (php_network_getaddresses: getaddrinfo failed: Temporary failure in name resolution)
                )

        )

    [error_data] => Array
        (
        )

    [additional_data:protected] => Array
        (
        )

)

2023-04-06T18:18:40+00:00 ERROR Error getting data feed
2023-04-06T18:18:40+00:00 ERROR WP_Error Object
(
    [errors] => Array
        (
            [http_request_failed] => Array
                (
                    [0] => stream_socket_client(): php_network_getaddresses: getaddrinfo failed: Temporary failure in name resolution
stream_socket_client(): unable to connect to ssl://woocommerce.com:443 (php_network_getaddresses: getaddrinfo failed: Temporary failure in name resolution)
                )

        )

    [error_data] => Array
        (
        )

    [additional_data:protected] => Array
        (
        )

)

2023-04-06T18:18:41+00:00 ERROR Error getting data feed
2023-04-06T18:18:41+00:00 ERROR WP_Error Object
(
    [errors] => Array
        (
            [http_request_failed] => Array
                (
                    [0] => stream_socket_client(): php_network_getaddresses: getaddrinfo failed: Temporary failure in name resolution
stream_socket_client(): unable to connect to ssl://woocommerce.com:443 (php_network_getaddresses: getaddrinfo failed: Temporary failure in name resolution)
                )

        )

    [error_data] => Array
        (
        )

    [additional_data:protected] => Array
        (
        )

)

2023-04-06T18:18:41+00:00 ERROR Error getting data feed
2023-04-06T18:18:41+00:00 ERROR WP_Error Object
(
    [errors] => Array
        (
            [http_request_failed] => Array
                (
                    [0] => stream_socket_client(): php_network_getaddresses: getaddrinfo failed: Temporary failure in name resolution
stream_socket_client(): unable to connect to ssl://woocommerce.com:443 (php_network_getaddresses: getaddrinfo failed: Temporary failure in name resolution)
                )

        )

    [error_data] => Array
        (
        )

    [additional_data:protected] => Array
        (
        )

)

2023-04-06T18:18:41+00:00 ERROR Error getting data feed
2023-04-06T18:18:41+00:00 ERROR WP_Error Object
(
    [errors] => Array
        (
            [http_request_failed] => Array
                (
                    [0] => stream_socket_client(): php_network_getaddresses: getaddrinfo failed: Temporary failure in name resolution
stream_socket_client(): unable to connect to ssl://woocommerce.com:443 (php_network_getaddresses: getaddrinfo failed: Temporary failure in name resolution)
                )

        )

    [error_data] => Array
        (
        )

    [additional_data:protected] => Array
        (
        )

)

2023-04-06T18:18:41+00:00 ERROR Error getting data feed
2023-04-06T18:18:41+00:00 ERROR WP_Error Object
(
    [errors] => Array
        (
            [http_request_failed] => Array
                (
                    [0] => stream_socket_client(): php_network_getaddresses: getaddrinfo failed: Temporary failure in name resolution
stream_socket_client(): unable to connect to ssl://woocommerce.com:443 (php_network_getaddresses: getaddrinfo failed: Temporary failure in name resolution)
                )

        )

    [error_data] => Array
        (
        )

    [additional_data:protected] => Array
        (
        )

)

2023-04-06T18:18:41+00:00 ERROR Error getting data feed
2023-04-06T18:18:41+00:00 ERROR WP_Error Object
(
    [errors] => Array
        (
            [http_request_failed] => Array
                (
                    [0] => stream_socket_client(): php_network_getaddresses: getaddrinfo failed: Temporary failure in name resolution
stream_socket_client(): unable to connect to ssl://woocommerce.com:443 (php_network_getaddresses: getaddrinfo failed: Temporary failure in name resolution)
                )

        )

    [error_data] => Array
        (
        )

    [additional_data:protected] => Array
        (
        )

)

2023-04-06T18:18:41+00:00 ERROR Error getting data feed
2023-04-06T18:18:41+00:00 ERROR WP_Error Object
(
    [errors] => Array
        (
            [http_request_failed] => Array
                (
                    [0] => stream_socket_client(): php_network_getaddresses: getaddrinfo failed: Temporary failure in name resolution
stream_socket_client(): unable to connect to ssl://woocommerce.com:443 (php_network_getaddresses: getaddrinfo failed: Temporary failure in name resolution)
                )

        )

    [error_data] => Array
        (
        )

    [additional_data:protected] => Array
        (
        )

)

2023-04-06T18:18:41+00:00 ERROR Error getting data feed
2023-04-06T18:18:41+00:00 ERROR WP_Error Object
(
    [errors] => Array
        (
            [http_request_failed] => Array
                (
                    [0] => stream_socket_client(): php_network_getaddresses: getaddrinfo failed: Temporary failure in name resolution
stream_socket_client(): unable to connect to ssl://woocommerce.com:443 (php_network_getaddresses: getaddrinfo failed: Temporary failure in name resolution)
                )

        )

    [error_data] => Array
        (
        )

    [additional_data:protected] => Array
        (
        )

)

2023-04-06T18:18:41+00:00 ERROR Error getting data feed
2023-04-06T18:18:41+00:00 ERROR WP_Error Object
(
    [errors] => Array
        (
            [http_request_failed] => Array
                (
                    [0] => stream_socket_client(): php_network_getaddresses: getaddrinfo failed: Temporary failure in name resolution
stream_socket_client(): unable to connect to ssl://woocommerce.com:443 (php_network_getaddresses: getaddrinfo failed: Temporary failure in name resolution)
                )

        )

    [error_data] => Array
        (
        )

    [additional_data:protected] => Array
        (
        )

)

2023-04-06T18:19:39+00:00 ERROR Error getting data feed
2023-04-06T18:19:39+00:00 ERROR WP_Error Object
(
    [errors] => Array
        (
            [http_request_failed] => Array
                (
                    [0] => stream_socket_client(): php_network_getaddresses: getaddrinfo failed: Temporary failure in name resolution
stream_socket_client(): unable to connect to ssl://woocommerce.com:443 (php_network_getaddresses: getaddrinfo failed: Temporary failure in name resolution)
                )

        )

    [error_data] => Array
        (
        )

    [additional_data:protected] => Array
        (
        )

)

2023-04-06T18:20:21+00:00 ERROR Error getting data feed
2023-04-06T18:20:21+00:00 ERROR WP_Error Object
(
    [errors] => Array
        (
            [http_request_failed] => Array
                (
                    [0] => stream_socket_client(): php_network_getaddresses: getaddrinfo failed: Temporary failure in name resolution
stream_socket_client(): unable to connect to ssl://woocommerce.com:443 (php_network_getaddresses: getaddrinfo failed: Temporary failure in name resolution)
                )

        )

    [error_data] => Array
        (
        )

    [additional_data:protected] => Array
        (
        )

)

2023-04-06T18:20:21+00:00 ERROR Error getting data feed
2023-04-06T18:20:21+00:00 ERROR WP_Error Object
(
    [errors] => Array
        (
            [http_request_failed] => Array
                (
                    [0] => stream_socket_client(): php_network_getaddresses: getaddrinfo failed: Temporary failure in name resolution
stream_socket_client(): unable to connect to ssl://woocommerce.com:443 (php_network_getaddresses: getaddrinfo failed: Temporary failure in name resolution)
                )

        )

    [error_data] => Array
        (
        )

    [additional_data:protected] => Array
        (
        )

)

2023-04-06T18:20:21+00:00 ERROR Error getting data feed
2023-04-06T18:20:21+00:00 ERROR WP_Error Object
(
    [errors] => Array
        (
            [http_request_failed] => Array
                (
                    [0] => stream_socket_client(): php_network_getaddresses: getaddrinfo failed: Temporary failure in name resolution
stream_socket_client(): unable to connect to ssl://woocommerce.com:443 (php_network_getaddresses: getaddrinfo failed: Temporary failure in name resolution)
                )

        )

    [error_data] => Array
        (
        )

    [additional_data:protected] => Array
        (
        )

)

2023-04-06T18:20:21+00:00 ERROR Error getting data feed
2023-04-06T18:20:21+00:00 ERROR WP_Error Object
(
    [errors] => Array
        (
            [http_request_failed] => Array
                (
                    [0] => stream_socket_client(): php_network_getaddresses: getaddrinfo failed: Temporary failure in name resolution
stream_socket_client(): unable to connect to ssl://woocommerce.com:443 (php_network_getaddresses: getaddrinfo failed: Temporary failure in name resolution)
                )

        )

    [error_data] => Array
        (
        )

    [additional_data:protected] => Array
        (
        )

)

2023-04-06T18:20:21+00:00 ERROR Error getting data feed
2023-04-06T18:20:21+00:00 ERROR WP_Error Object
(
    [errors] => Array
        (
            [http_request_failed] => Array
                (
                    [0] => stream_socket_client(): php_network_getaddresses: getaddrinfo failed: Temporary failure in name resolution
stream_socket_client(): unable to connect to ssl://woocommerce.com:443 (php_network_getaddresses: getaddrinfo failed: Temporary failure in name resolution)
                )

        )

    [error_data] => Array
        (
        )

    [additional_data:protected] => Array
        (
        )

)

2023-04-06T18:20:22+00:00 ERROR Error getting data feed
2023-04-06T18:20:22+00:00 ERROR WP_Error Object
(
    [errors] => Array
        (
            [http_request_failed] => Array
                (
                    [0] => stream_socket_client(): php_network_getaddresses: getaddrinfo failed: Temporary failure in name resolution
stream_socket_client(): unable to connect to ssl://woocommerce.com:443 (php_network_getaddresses: getaddrinfo failed: Temporary failure in name resolution)
                )

        )

    [error_data] => Array
        (
        )

    [additional_data:protected] => Array
        (
        )

)

2023-04-06T18:20:22+00:00 ERROR Error getting data feed
2023-04-06T18:20:22+00:00 ERROR WP_Error Object
(
    [errors] => Array
        (
            [http_request_failed] => Array
                (
                    [0] => stream_socket_client(): php_network_getaddresses: getaddrinfo failed: Temporary failure in name resolution
stream_socket_client(): unable to connect to ssl://woocommerce.com:443 (php_network_getaddresses: getaddrinfo failed: Temporary failure in name resolution)
                )

        )

    [error_data] => Array
        (
        )

    [additional_data:protected] => Array
        (
        )

)

2023-04-06T18:20:22+00:00 ERROR Error getting data feed
2023-04-06T18:20:22+00:00 ERROR WP_Error Object
(
    [errors] => Array
        (
            [http_request_failed] => Array
                (
                    [0] => stream_socket_client(): php_network_getaddresses: getaddrinfo failed: Temporary failure in name resolution
stream_socket_client(): unable to connect to ssl://woocommerce.com:443 (php_network_getaddresses: getaddrinfo failed: Temporary failure in name resolution)
                )

        )

    [error_data] => Array
        (
        )

    [additional_data:protected] => Array
        (
        )

)

2023-04-06T18:20:22+00:00 ERROR Error getting data feed
2023-04-06T18:20:22+00:00 ERROR WP_Error Object
(
    [errors] => Array
        (
            [http_request_failed] => Array
                (
                    [0] => stream_socket_client(): php_network_getaddresses: getaddrinfo failed: Temporary failure in name resolution
stream_socket_client(): unable to connect to ssl://woocommerce.com:443 (php_network_getaddresses: getaddrinfo failed: Temporary failure in name resolution)
                )

        )

    [error_data] => Array
        (
        )

    [additional_data:protected] => Array
        (
        )

)

2023-04-06T18:20:23+00:00 ERROR Error getting data feed
2023-04-06T18:20:23+00:00 ERROR WP_Error Object
(
    [errors] => Array
        (
            [http_request_failed] => Array
                (
                    [0] => stream_socket_client(): php_network_getaddresses: getaddrinfo failed: Temporary failure in name resolution
stream_socket_client(): unable to connect to ssl://woocommerce.com:443 (php_network_getaddresses: getaddrinfo failed: Temporary failure in name resolution)
                )

        )

    [error_data] => Array
        (
        )

    [additional_data:protected] => Array
        (
        )

)

2023-04-06T18:20:23+00:00 ERROR Error getting data feed
2023-04-06T18:20:23+00:00 ERROR WP_Error Object
(
    [errors] => Array
        (
            [http_request_failed] => Array
                (
                    [0] => stream_socket_client(): php_network_getaddresses: getaddrinfo failed: Temporary failure in name resolution
stream_socket_client(): unable to connect to ssl://woocommerce.com:443 (php_network_getaddresses: getaddrinfo failed: Temporary failure in name resolution)
                )

        )

    [error_data] => Array
        (
        )

    [additional_data:protected] => Array
        (
        )

)

2023-04-06T18:20:23+00:00 ERROR Error getting data feed
2023-04-06T18:20:23+00:00 ERROR WP_Error Object
(
    [errors] => Array
        (
            [http_request_failed] => Array
                (
                    [0] => stream_socket_client(): php_network_getaddresses: getaddrinfo failed: Temporary failure in name resolution
stream_socket_client(): unable to connect to ssl://woocommerce.com:443 (php_network_getaddresses: getaddrinfo failed: Temporary failure in name resolution)
                )

        )

    [error_data] => Array
        (
        )

    [additional_data:protected] => Array
        (
        )

)

2023-04-06T18:20:23+00:00 ERROR Error getting data feed
2023-04-06T18:20:23+00:00 ERROR WP_Error Object
(
    [errors] => Array
        (
            [http_request_failed] => Array
                (
                    [0] => stream_socket_client(): php_network_getaddresses: getaddrinfo failed: Temporary failure in name resolution
stream_socket_client(): unable to connect to ssl://woocommerce.com:443 (php_network_getaddresses: getaddrinfo failed: Temporary failure in name resolution)
                )

        )

    [error_data] => Array
        (
        )

    [additional_data:protected] => Array
        (
        )

)

2023-04-06T18:20:41+00:00 ERROR Error getting data feed
2023-04-06T18:20:41+00:00 ERROR WP_Error Object
(
    [errors] => Array
        (
            [http_request_failed] => Array
                (
                    [0] => stream_socket_client(): php_network_getaddresses: getaddrinfo failed: Temporary failure in name resolution
stream_socket_client(): unable to connect to ssl://woocommerce.com:443 (php_network_getaddresses: getaddrinfo failed: Temporary failure in name resolution)
                )

        )

    [error_data] => Array
        (
        )

    [additional_data:protected] => Array
        (
        )

)

2023-04-06T18:20:58+00:00 ERROR Error getting data feed
2023-04-06T18:20:58+00:00 ERROR WP_Error Object
(
    [errors] => Array
        (
            [http_request_failed] => Array
                (
                    [0] => stream_socket_client(): php_network_getaddresses: getaddrinfo failed: Temporary failure in name resolution
stream_socket_client(): unable to connect to ssl://woocommerce.com:443 (php_network_getaddresses: getaddrinfo failed: Temporary failure in name resolution)
                )

        )

    [error_data] => Array
        (
        )

    [additional_data:protected] => Array
        (
        )

)

2023-04-06T18:20:58+00:00 ERROR Error getting data feed
2023-04-06T18:20:58+00:00 ERROR WP_Error Object
(
    [errors] => Array
        (
            [http_request_failed] => Array
                (
                    [0] => stream_socket_client(): php_network_getaddresses: getaddrinfo failed: Temporary failure in name resolution
stream_socket_client(): unable to connect to ssl://woocommerce.com:443 (php_network_getaddresses: getaddrinfo failed: Temporary failure in name resolution)
                )

        )

    [error_data] => Array
        (
        )

    [additional_data:protected] => Array
        (
        )

)

2023-04-06T18:20:59+00:00 ERROR Error getting data feed
2023-04-06T18:20:59+00:00 ERROR WP_Error Object
(
    [errors] => Array
        (
            [http_request_failed] => Array
                (
                    [0] => stream_socket_client(): php_network_getaddresses: getaddrinfo failed: Temporary failure in name resolution
stream_socket_client(): unable to connect to ssl://woocommerce.com:443 (php_network_getaddresses: getaddrinfo failed: Temporary failure in name resolution)
                )

        )

    [error_data] => Array
        (
        )

    [additional_data:protected] => Array
        (
        )

)

2023-04-06T18:21:00+00:00 ERROR Error getting data feed
2023-04-06T18:21:00+00:00 ERROR WP_Error Object
(
    [errors] => Array
        (
            [http_request_failed] => Array
                (
                    [0] => stream_socket_client(): php_network_getaddresses: getaddrinfo failed: Temporary failure in name resolution
stream_socket_client(): unable to connect to ssl://woocommerce.com:443 (php_network_getaddresses: getaddrinfo failed: Temporary failure in name resolution)
                )

        )

    [error_data] => Array
        (
        )

    [additional_data:protected] => Array
        (
        )

)

2023-04-06T18:21:47+00:00 ERROR Error getting data feed
2023-04-06T18:21:47+00:00 ERROR WP_Error Object
(
    [errors] => Array
        (
            [http_request_failed] => Array
                (
                    [0] => stream_socket_client(): php_network_getaddresses: getaddrinfo failed: Temporary failure in name resolution
stream_socket_client(): unable to connect to ssl://woocommerce.com:443 (php_network_getaddresses: getaddrinfo failed: Temporary failure in name resolution)
                )

        )

    [error_data] => Array
        (
        )

    [additional_data:protected] => Array
        (
        )

)

2023-04-06T19:23:54+00:00 ERROR Error getting data feed
2023-04-06T19:23:54+00:00 ERROR WP_Error Object
(
    [errors] => Array
        (
            [http_request_failed] => Array
                (
                    [0] => stream_socket_client(): php_network_getaddresses: getaddrinfo failed: Temporary failure in name resolution
stream_socket_client(): unable to connect to ssl://woocommerce.com:443 (php_network_getaddresses: getaddrinfo failed: Temporary failure in name resolution)
                )

        )

    [error_data] => Array
        (
        )

    [additional_data:protected] => Array
        (
        )

)

