2023-03-24T17:41:45+00:00 ERROR Error getting data feed
2023-03-24T17:41:45+00:00 ERROR WP_Error Object
(
    [errors] => Array
        (
            [http_request_failed] => Array
                (
                    [0] => stream_socket_client(): SSL: Success
stream_socket_client(): Failed to enable crypto
stream_socket_client(): unable to connect to ssl://woocommerce.com:443 (Unknown error)
                )

        )

    [error_data] => Array
        (
        )

    [additional_data:protected] => Array
        (
        )

)

2023-03-24T17:41:57+00:00 ERROR Error getting data feed
2023-03-24T17:41:57+00:00 ERROR WP_Error Object
(
    [errors] => Array
        (
            [http_request_failed] => Array
                (
                    [0] => stream_socket_client(): SSL: Success
stream_socket_client(): Failed to enable crypto
stream_socket_client(): unable to connect to ssl://woocommerce.com:443 (Unknown error)
                )

        )

    [error_data] => Array
        (
        )

    [additional_data:protected] => Array
        (
        )

)

