2023-04-07T11:39:31+00:00 ERROR Error getting data feed
2023-04-07T11:39:31+00:00 ERROR WP_Error Object
(
    [errors] => Array
        (
            [http_request_failed] => Array
                (
                    [0] => stream_socket_client(): php_network_getaddresses: getaddrinfo failed: Temporary failure in name resolution
stream_socket_client(): unable to connect to ssl://woocommerce.com:443 (php_network_getaddresses: getaddrinfo failed: Temporary failure in name resolution)
                )

        )

    [error_data] => Array
        (
        )

    [additional_data:protected] => Array
        (
        )

)

2023-04-07T11:47:23+00:00 ERROR Error getting data feed
2023-04-07T11:47:23+00:00 ERROR WP_Error Object
(
    [errors] => Array
        (
            [http_request_failed] => Array
                (
                    [0] => stream_socket_client(): php_network_getaddresses: getaddrinfo failed: Temporary failure in name resolution
stream_socket_client(): unable to connect to ssl://woocommerce.com:443 (php_network_getaddresses: getaddrinfo failed: Temporary failure in name resolution)
                )

        )

    [error_data] => Array
        (
        )

    [additional_data:protected] => Array
        (
        )

)

